<?xml version="1.0" encoding="UTF-8"?>
<coverage generated="1781588443379" clover="3.2.0">
  <project timestamp="1781588443379" name="All files">
    <metrics statements="39" coveredstatements="39" conditionals="32" coveredconditionals="30" methods="4" coveredmethods="4" elements="75" coveredelements="73" complexity="0" loc="39" ncloc="39" packages="1" files="2" classes="2"/>
    <file name="index.js" path="/home/runner/work/webapp-console-log-action/webapp-console-log-action/Primajin/webapp-console-log-action/index.js">
      <metrics statements="32" coveredstatements="32" conditionals="20" coveredconditionals="18" methods="1" coveredmethods="1"/>
      <line num="10" count="5" type="stmt"/>
      <line num="11" count="5" type="stmt"/>
      <line num="17" count="5" type="stmt"/>
      <line num="29" count="5" type="cond" truecount="2" falsecount="0"/>
      <line num="36" count="5" type="cond" truecount="2" falsecount="0"/>
      <line num="43" count="5" type="cond" truecount="2" falsecount="0"/>
      <line num="50" count="5" type="stmt"/>
      <line num="56" count="5" type="stmt"/>
      <line num="81" count="5" type="stmt"/>
      <line num="82" count="10" type="stmt"/>
      <line num="83" count="10" type="cond" truecount="1" falsecount="1"/>
      <line num="84" count="10" type="stmt"/>
      <line num="85" count="10" type="cond" truecount="1" falsecount="1"/>
      <line num="86" count="10" type="stmt"/>
      <line num="87" count="10" type="cond" truecount="2" falsecount="0"/>
      <line num="88" count="5" type="stmt"/>
      <line num="89" count="5" type="cond" truecount="2" falsecount="0"/>
      <line num="90" count="2" type="stmt"/>
      <line num="96" count="5" type="cond" truecount="2" falsecount="0"/>
      <line num="97" count="5" type="stmt"/>
      <line num="99" count="5" type="stmt"/>
      <line num="100" count="5" type="stmt"/>
      <line num="103" count="5" type="stmt"/>
      <line num="104" count="20" type="cond" truecount="2" falsecount="0"/>
      <line num="105" count="15" type="stmt"/>
      <line num="109" count="5" type="stmt"/>
      <line num="111" count="5" type="stmt"/>
      <line num="113" count="5" type="cond" truecount="2" falsecount="0"/>
      <line num="114" count="2" type="stmt"/>
      <line num="115" count="2" type="stmt"/>
      <line num="116" count="2" type="stmt"/>
      <line num="119" count="5" type="stmt"/>
    </file>
    <file name="utils.js" path="/home/runner/work/webapp-console-log-action/webapp-console-log-action/Primajin/webapp-console-log-action/utils.js">
      <metrics statements="7" coveredstatements="7" conditionals="12" coveredconditionals="12" methods="3" coveredmethods="3"/>
      <line num="7" count="20" type="stmt"/>
      <line num="13" count="20" type="stmt"/>
      <line num="25" count="20" type="cond" truecount="2" falsecount="0"/>
      <line num="32" count="20" type="cond" truecount="2" falsecount="0"/>
      <line num="40" count="20" type="stmt"/>
      <line num="47" count="20" type="stmt"/>
      <line num="54" count="20" type="stmt"/>
    </file>
  </project>
</coverage>
