{"/home/runner/work/webapp-console-log-action/webapp-console-log-action/Primajin/webapp-console-log-action/index.js": {"path":"/home/runner/work/webapp-console-log-action/webapp-console-log-action/Primajin/webapp-console-log-action/index.js","statementMap":{"0":{"start":{"line":10,"column":16},"end":{"line":10,"column":39}},"1":{"start":{"line":11,"column":13},"end":{"line":11,"column":36}},"2":{"start":{"line":17,"column":24},"end":{"line":22,"column":2}},"3":{"start":{"line":29,"column":13},"end":{"line":29,"column":35}},"4":{"start":{"line":36,"column":17},"end":{"line":36,"column":48}},"5":{"start":{"line":43,"column":18},"end":{"line":43,"column":62}},"6":{"start":{"line":50,"column":23},"end":{"line":50,"column":28}},"7":{"start":{"line":56,"column":24},"end":{"line":75,"column":1}},"8":{"start":{"line":81,"column":0},"end":{"line":94,"column":null}},"9":{"start":{"line":82,"column":21},"end":{"line":82,"column":35}},"10":{"start":{"line":83,"column":18},"end":{"line":83,"column":56}},"11":{"start":{"line":84,"column":20},"end":{"line":84,"column":34}},"12":{"start":{"line":85,"column":1},"end":{"line":93,"column":null}},"13":{"start":{"line":86,"column":25},"end":{"line":86,"column":61}},"14":{"start":{"line":87,"column":2},"end":{"line":92,"column":null}},"15":{"start":{"line":88,"column":3},"end":{"line":88,"column":null}},"16":{"start":{"line":89,"column":3},"end":{"line":91,"column":null}},"17":{"start":{"line":90,"column":4},"end":{"line":90,"column":null}},"18":{"start":{"line":96,"column":0},"end":{"line":96,"column":null}},"19":{"start":{"line":97,"column":0},"end":{"line":97,"column":57}},"20":{"start":{"line":99,"column":0},"end":{"line":99,"column":null}},"21":{"start":{"line":100,"column":0},"end":{"line":100,"column":null}},"22":{"start":{"line":103,"column":0},"end":{"line":107,"column":null}},"23":{"start":{"line":104,"column":1},"end":{"line":106,"column":null}},"24":{"start":{"line":105,"column":2},"end":{"line":105,"column":null}},"25":{"start":{"line":109,"column":0},"end":{"line":109,"column":null}},"26":{"start":{"line":111,"column":0},"end":{"line":111,"column":null}},"27":{"start":{"line":113,"column":0},"end":{"line":117,"column":null}},"28":{"start":{"line":114,"column":1},"end":{"line":114,"column":null}},"29":{"start":{"line":115,"column":1},"end":{"line":115,"column":null}},"30":{"start":{"line":116,"column":0},"end":{"line":116,"column":null}},"31":{"start":{"line":119,"column":0},"end":{"line":119,"column":null}}},"fnMap":{"0":{"name":"(anonymous_0)","decl":{"start":{"line":81,"column":19},"end":{"line":81,"column":26}},"loc":{"start":{"line":81,"column":30},"end":{"line":94,"column":1}},"line":81}},"branchMap":{"0":{"loc":{"start":{"line":29,"column":13},"end":{"line":29,"column":35}},"type":"binary-expr","locations":[{"start":{"line":29,"column":13},"end":{"line":29,"column":29}},{"start":{"line":29,"column":33},"end":{"line":29,"column":35}}],"line":29},"1":{"loc":{"start":{"line":36,"column":17},"end":{"line":36,"column":48}},"type":"binary-expr","locations":[{"start":{"line":36,"column":17},"end":{"line":36,"column":38}},{"start":{"line":36,"column":42},"end":{"line":36,"column":48}}],"line":36},"2":{"loc":{"start":{"line":43,"column":18},"end":{"line":43,"column":62}},"type":"binary-expr","locations":[{"start":{"line":43,"column":18},"end":{"line":43,"column":40}},{"start":{"line":43,"column":44},"end":{"line":43,"column":62}}],"line":43},"3":{"loc":{"start":{"line":83,"column":18},"end":{"line":83,"column":56}},"type":"binary-expr","locations":[{"start":{"line":83,"column":18},"end":{"line":83,"column":46}},{"start":{"line":83,"column":50},"end":{"line":83,"column":56}}],"line":83},"4":{"loc":{"start":{"line":85,"column":1},"end":{"line":93,"column":null}},"type":"if","locations":[{"start":{"line":85,"column":1},"end":{"line":93,"column":null}},{"start":{},"end":{}}],"line":85},"5":{"loc":{"start":{"line":87,"column":2},"end":{"line":92,"column":null}},"type":"if","locations":[{"start":{"line":87,"column":2},"end":{"line":92,"column":null}},{"start":{},"end":{}}],"line":87},"6":{"loc":{"start":{"line":89,"column":3},"end":{"line":91,"column":null}},"type":"if","locations":[{"start":{"line":89,"column":3},"end":{"line":91,"column":null}},{"start":{},"end":{}}],"line":89},"7":{"loc":{"start":{"line":96,"column":16},"end":{"line":96,"column":57}},"type":"cond-expr","locations":[{"start":{"line":96,"column":23},"end":{"line":96,"column":45}},{"start":{"line":96,"column":48},"end":{"line":96,"column":57}}],"line":96},"8":{"loc":{"start":{"line":104,"column":1},"end":{"line":106,"column":null}},"type":"if","locations":[{"start":{"line":104,"column":1},"end":{"line":106,"column":null}},{"start":{},"end":{}}],"line":104},"9":{"loc":{"start":{"line":113,"column":0},"end":{"line":117,"column":null}},"type":"if","locations":[{"start":{"line":113,"column":0},"end":{"line":117,"column":null}},{"start":{},"end":{}}],"line":113}},"s":{"0":5,"1":5,"2":5,"3":5,"4":5,"5":5,"6":5,"7":5,"8":5,"9":10,"10":10,"11":10,"12":10,"13":10,"14":10,"15":5,"16":5,"17":2,"18":5,"19":5,"20":5,"21":5,"22":5,"23":20,"24":15,"25":5,"26":5,"27":5,"28":2,"29":2,"30":2,"31":5},"f":{"0":10},"b":{"0":[5,4],"1":[5,4],"2":[5,4],"3":[10,0],"4":[10,0],"5":[5,5],"6":[2,3],"7":[1,4],"8":[15,5],"9":[2,3]},"meta":{"lastBranch":10,"lastFunction":1,"lastStatement":32,"seen":{"s:10:16:10:39":0,"s:11:13:11:36":1,"s:17:24:22:2":2,"s:29:13:29:35":3,"b:29:13:29:29:29:33:29:35":0,"s:36:17:36:48":4,"b:36:17:36:38:36:42:36:48":1,"s:43:18:43:62":5,"b:43:18:43:40:43:44:43:62":2,"s:50:23:50:28":6,"s:56:24:75:1":7,"s:81:0:94:Infinity":8,"f:81:19:81:26":0,"s:82:21:82:35":9,"s:83:18:83:56":10,"b:83:18:83:46:83:50:83:56":3,"s:84:20:84:34":11,"b:85:1:93:Infinity:undefined:undefined:undefined:undefined":4,"s:85:1:93:Infinity":12,"s:86:25:86:61":13,"b:87:2:92:Infinity:undefined:undefined:undefined:undefined":5,"s:87:2:92:Infinity":14,"s:88:3:88:Infinity":15,"b:89:3:91:Infinity:undefined:undefined:undefined:undefined":6,"s:89:3:91:Infinity":16,"s:90:4:90:Infinity":17,"s:96:0:96:Infinity":18,"b:96:23:96:45:96:48:96:57":7,"s:97:0:97:57":19,"s:99:0:99:Infinity":20,"s:100:0:100:Infinity":21,"s:103:0:107:Infinity":22,"b:104:1:106:Infinity:undefined:undefined:undefined:undefined":8,"s:104:1:106:Infinity":23,"s:105:2:105:Infinity":24,"s:109:0:109:Infinity":25,"s:111:0:111:Infinity":26,"b:113:0:117:Infinity:undefined:undefined:undefined:undefined":9,"s:113:0:117:Infinity":27,"s:114:1:114:Infinity":28,"s:115:1:115:Infinity":29,"s:116:0:116:Infinity":30,"s:119:0:119:Infinity":31}}}
,"/home/runner/work/webapp-console-log-action/webapp-console-log-action/Primajin/webapp-console-log-action/utils.js": {"path":"/home/runner/work/webapp-console-log-action/webapp-console-log-action/Primajin/webapp-console-log-action/utils.js","statementMap":{"0":{"start":{"line":7,"column":25},"end":{"line":7,"column":64}},"1":{"start":{"line":13,"column":16},"end":{"line":18,"column":1}},"2":{"start":{"line":25,"column":20},"end":{"line":25,"column":61}},"3":{"start":{"line":32,"column":20},"end":{"line":32,"column":61}},"4":{"start":{"line":40,"column":29},"end":{"line":40,"column":91}},"5":{"start":{"line":40,"column":49},"end":{"line":40,"column":91}},"6":{"start":{"line":47,"column":29},"end":{"line":47,"column":96}},"7":{"start":{"line":47,"column":38},"end":{"line":47,"column":96}},"8":{"start":{"line":54,"column":26},"end":{"line":54,"column":92}},"9":{"start":{"line":54,"column":35},"end":{"line":54,"column":92}}},"fnMap":{"0":{"name":"(anonymous_0)","decl":{"start":{"line":40,"column":29},"end":{"line":40,"column":30}},"loc":{"start":{"line":40,"column":49},"end":{"line":40,"column":91}},"line":40},"1":{"name":"(anonymous_1)","decl":{"start":{"line":47,"column":29},"end":{"line":47,"column":34}},"loc":{"start":{"line":47,"column":38},"end":{"line":47,"column":96}},"line":47},"2":{"name":"(anonymous_2)","decl":{"start":{"line":54,"column":26},"end":{"line":54,"column":31}},"loc":{"start":{"line":54,"column":35},"end":{"line":54,"column":92}},"line":54}},"branchMap":{"0":{"loc":{"start":{"line":14,"column":28},"end":{"line":14,"column":62}},"type":"binary-expr","locations":[{"start":{"line":14,"column":28},"end":{"line":14,"column":54}},{"start":{"line":14,"column":58},"end":{"line":14,"column":62}}],"line":14},"1":{"loc":{"start":{"line":15,"column":28},"end":{"line":15,"column":59}},"type":"binary-expr","locations":[{"start":{"line":15,"column":28},"end":{"line":15,"column":51}},{"start":{"line":15,"column":55},"end":{"line":15,"column":59}}],"line":15},"2":{"loc":{"start":{"line":16,"column":28},"end":{"line":16,"column":62}},"type":"binary-expr","locations":[{"start":{"line":16,"column":28},"end":{"line":16,"column":54}},{"start":{"line":16,"column":58},"end":{"line":16,"column":62}}],"line":16},"3":{"loc":{"start":{"line":17,"column":28},"end":{"line":17,"column":60}},"type":"binary-expr","locations":[{"start":{"line":17,"column":28},"end":{"line":17,"column":52}},{"start":{"line":17,"column":56},"end":{"line":17,"column":60}}],"line":17},"4":{"loc":{"start":{"line":25,"column":20},"end":{"line":25,"column":61}},"type":"binary-expr","locations":[{"start":{"line":25,"column":20},"end":{"line":25,"column":45}},{"start":{"line":25,"column":49},"end":{"line":25,"column":61}}],"line":25},"5":{"loc":{"start":{"line":32,"column":20},"end":{"line":32,"column":61}},"type":"binary-expr","locations":[{"start":{"line":32,"column":20},"end":{"line":32,"column":45}},{"start":{"line":32,"column":49},"end":{"line":32,"column":61}}],"line":32}},"s":{"0":20,"1":20,"2":20,"3":20,"4":20,"5":16,"6":20,"7":4,"8":20,"9":4},"f":{"0":16,"1":4,"2":4},"b":{"0":[20,18],"1":[20,18],"2":[20,18],"3":[20,18],"4":[20,20],"5":[20,20]},"meta":{"lastBranch":6,"lastFunction":3,"lastStatement":10,"seen":{"s:7:25:7:64":0,"s:13:16:18:1":1,"b:14:28:14:54:14:58:14:62":0,"b:15:28:15:51:15:55:15:59":1,"b:16:28:16:54:16:58:16:62":2,"b:17:28:17:52:17:56:17:60":3,"s:25:20:25:61":2,"b:25:20:25:45:25:49:25:61":4,"s:32:20:32:61":3,"b:32:20:32:45:32:49:32:61":5,"s:40:29:40:91":4,"f:40:29:40:30":0,"s:40:49:40:91":5,"s:47:29:47:96":6,"f:47:29:47:34":1,"s:47:38:47:96":7,"s:54:26:54:92":8,"f:54:26:54:31":2,"s:54:35:54:92":9}}}
}
